This is pdfTeX, Version 3.14159265-2.6-1.40.16 (TeX Live 2015/Debian) (preloaded format=pdflatex 2017.8.25)  8 FEB 2018 20:13
entering extended mode
 restricted \write18 enabled.
 %&-line parsing enabled.
**argus_howto.tex
(./argus_howto.tex
LaTeX2e <2016/02/01>
Babel <3.9q> and hyphenation patterns for 3 language(s) loaded.
(/usr/share/texlive/texmf-dist/tex/latex/base/article.cls
Document Class: article 2014/09/29 v1.4h Standard LaTeX document class
(/usr/share/texlive/texmf-dist/tex/latex/base/size10.clo
File: size10.clo 2014/09/29 v1.4h Standard LaTeX file (size option)
)
\c@part=\count79
\c@section=\count80
\c@subsection=\count81
\c@subsubsection=\count82
\c@paragraph=\count83
\c@subparagraph=\count84
\c@figure=\count85
\c@table=\count86
\abovecaptionskip=\skip41
\belowcaptionskip=\skip42
\bibindent=\dimen102
)
(/usr/share/texlive/texmf-dist/tex/latex/url/url.sty
\Urlmuskip=\muskip10
Package: url 2013/09/16  ver 3.4  Verb mode for urls, etc.
)
(/usr/share/texlive/texmf-dist/tex/latex/tools/enumerate.sty
Package: enumerate 2015/07/23 v3.00 enumerate extensions (DPC)
\@enLab=\toks14
)
(/usr/share/texlive/texmf-dist/tex/latex/graphics/graphicx.sty
Package: graphicx 2014/10/28 v1.0g Enhanced LaTeX Graphics (DPC,SPQR)

(/usr/share/texlive/texmf-dist/tex/latex/graphics/keyval.sty
Package: keyval 2014/10/28 v1.15 key=value parser (DPC)
\KV@toks@=\toks15
)
(/usr/share/texlive/texmf-dist/tex/latex/graphics/graphics.sty
Package: graphics 2016/01/03 v1.0q Standard LaTeX Graphics (DPC,SPQR)

(/usr/share/texlive/texmf-dist/tex/latex/graphics/trig.sty
Package: trig 2016/01/03 v1.10 sin cos tan (DPC)
)
(/usr/share/texlive/texmf-dist/tex/latex/latexconfig/graphics.cfg
File: graphics.cfg 2010/04/23 v1.9 graphics configuration of TeX Live
)
Package graphics Info: Driver file: pdftex.def on input line 95.

(/usr/share/texlive/texmf-dist/tex/latex/pdftex-def/pdftex.def
File: pdftex.def 2011/05/27 v0.06d Graphics/color for pdfTeX

(/usr/share/texlive/texmf-dist/tex/generic/oberdiek/infwarerr.sty
Package: infwarerr 2010/04/08 v1.3 Providing info/warning/error messages (HO)
)
(/usr/share/texlive/texmf-dist/tex/generic/oberdiek/ltxcmds.sty
Package: ltxcmds 2011/11/09 v1.22 LaTeX kernel commands for general use (HO)
)
\Gread@gobject=\count87
))
\Gin@req@height=\dimen103
\Gin@req@width=\dimen104
)
(/usr/share/texlive/texmf-dist/tex/latex/tools/verbatim.sty
Package: verbatim 2014/10/28 v1.5q LaTeX2e package for verbatim enhancements
\every@verbatim=\toks16
\verbatim@line=\toks17
\verbatim@in@stream=\read1
) (./argus_howto.aux)
\openout1 = `argus_howto.aux'.

LaTeX Font Info:    Checking defaults for OML/cmm/m/it on input line 9.
LaTeX Font Info:    ... okay on input line 9.
LaTeX Font Info:    Checking defaults for T1/cmr/m/n on input line 9.
LaTeX Font Info:    ... okay on input line 9.
LaTeX Font Info:    Checking defaults for OT1/cmr/m/n on input line 9.
LaTeX Font Info:    ... okay on input line 9.
LaTeX Font Info:    Checking defaults for OMS/cmsy/m/n on input line 9.
LaTeX Font Info:    ... okay on input line 9.
LaTeX Font Info:    Checking defaults for OMX/cmex/m/n on input line 9.
LaTeX Font Info:    ... okay on input line 9.
LaTeX Font Info:    Checking defaults for U/cmr/m/n on input line 9.
LaTeX Font Info:    ... okay on input line 9.
 (/usr/share/texlive/texmf-dist/tex/context/base/supp-pdf.mkii
[Loading MPS to PDF converter (version 2006.09.02).]
\scratchcounter=\count88
\scratchdimen=\dimen105
\scratchbox=\box26
\nofMPsegments=\count89
\nofMParguments=\count90
\everyMPshowfont=\toks18
\MPscratchCnt=\count91
\MPscratchDim=\dimen106
\MPnumerator=\count92
\makeMPintoPDFobject=\count93
\everyMPtoPDFconversion=\toks19
) (/usr/share/texlive/texmf-dist/tex/generic/oberdiek/pdftexcmds.sty
Package: pdftexcmds 2011/11/29 v0.20 Utility functions of pdfTeX for LuaTeX (HO
)

(/usr/share/texlive/texmf-dist/tex/generic/oberdiek/ifluatex.sty
Package: ifluatex 2010/03/01 v1.3 Provides the ifluatex switch (HO)
Package ifluatex Info: LuaTeX not detected.
)
(/usr/share/texlive/texmf-dist/tex/generic/oberdiek/ifpdf.sty
Package: ifpdf 2011/01/30 v2.3 Provides the ifpdf switch (HO)
Package ifpdf Info: pdfTeX in PDF mode is detected.
)
Package pdftexcmds Info: LuaTeX not detected.
Package pdftexcmds Info: \pdf@primitive is available.
Package pdftexcmds Info: \pdf@ifprimitive is available.
Package pdftexcmds Info: \pdfdraftmode found.
)
(/usr/share/texlive/texmf-dist/tex/latex/oberdiek/epstopdf-base.sty
Package: epstopdf-base 2010/02/09 v2.5 Base part for package epstopdf

(/usr/share/texlive/texmf-dist/tex/latex/oberdiek/grfext.sty
Package: grfext 2010/08/19 v1.1 Manage graphics extensions (HO)

(/usr/share/texlive/texmf-dist/tex/generic/oberdiek/kvdefinekeys.sty
Package: kvdefinekeys 2011/04/07 v1.3 Define keys (HO)
))
(/usr/share/texlive/texmf-dist/tex/latex/oberdiek/kvoptions.sty
Package: kvoptions 2011/06/30 v3.11 Key value format for package options (HO)

(/usr/share/texlive/texmf-dist/tex/generic/oberdiek/kvsetkeys.sty
Package: kvsetkeys 2012/04/25 v1.16 Key value parser (HO)

(/usr/share/texlive/texmf-dist/tex/generic/oberdiek/etexcmds.sty
Package: etexcmds 2011/02/16 v1.5 Avoid name clashes with e-TeX commands (HO)
Package etexcmds Info: Could not find \expanded.
(etexcmds)             That can mean that you are not using pdfTeX 1.50 or
(etexcmds)             that some package has redefined \expanded.
(etexcmds)             In the latter case, load this package earlier.
)))
Package grfext Info: Graphics extension search list:
(grfext)             [.png,.pdf,.jpg,.mps,.jpeg,.jbig2,.jb2,.PNG,.PDF,.JPG,.JPE
G,.JBIG2,.JB2,.eps]
(grfext)             \AppendGraphicsExtensions on input line 452.

(/usr/share/texlive/texmf-dist/tex/latex/latexconfig/epstopdf-sys.cfg
File: epstopdf-sys.cfg 2010/07/13 v1.3 Configuration of (r)epstopdf for TeX Liv
e
))
LaTeX Font Info:    External font `cmex10' loaded for size
(Font)              <12> on input line 12.
LaTeX Font Info:    External font `cmex10' loaded for size
(Font)              <8> on input line 12.
LaTeX Font Info:    External font `cmex10' loaded for size
(Font)              <6> on input line 12.


LaTeX Warning: No \author given.

[1

{/var/lib/texmf/fonts/map/pdftex/updmap/pdftex.map}]
LaTeX Font Info:    External font `cmex10' loaded for size
(Font)              <7> on input line 16.
LaTeX Font Info:    External font `cmex10' loaded for size
(Font)              <5> on input line 16.
 [2]
Overfull \hbox (17.4971pt too wide) in paragraph at lines 39--41
\OT1/cmtt/m/n/10 git add upstream $https : / / github . com / unsw-[]cse-[]esl 
/ argus-[]software .
 []


Overfull \hbox (17.4971pt too wide) in paragraph at lines 50--52
\OT1/cmtt/m/n/10 git add upstream $https : / / github . com / unsw-[]cse-[]esl 
/ argus-[]hardware .
 []

[3]
Package epstopdf Info: Source file: <fig/design-flow.eps>
(epstopdf)                    date: 2018-02-06 19:04:22
(epstopdf)                    size: 1057750 bytes
(epstopdf)             Output file: <fig/design-flow-eps-converted-to.pdf>
(epstopdf)                    date: 2018-02-06 19:18:05
(epstopdf)                    size: 119269 bytes
(epstopdf)             Command: <repstopdf --outfile=fig/design-flow-eps-conver
ted-to.pdf fig/design-flow.eps>
(epstopdf)             \includegraphics on input line 62.
Package epstopdf Info: Output file is already uptodate.
 <fig/design-flow-eps-converted-to.pdf, id=17, 241.90375pt x 212.795pt>
File: fig/design-flow-eps-converted-to.pdf Graphic file (type pdf)

<use fig/design-flow-eps-converted-to.pdf>
Package pdftex.def Info: fig/design-flow-eps-converted-to.pdf used on input lin
e 62.
(pdftex.def)             Requested size: 207.0021pt x 182.1007pt.
 [4 <./fig/design-flow-eps-converted-to.pdf>]
Package epstopdf Info: Source file: <fig/login.eps>
(epstopdf)                    date: 2018-02-07 18:11:25
(epstopdf)                    size: 23177 bytes
(epstopdf)             Output file: <fig/login-eps-converted-to.pdf>
(epstopdf)                    date: 2018-02-07 18:13:16
(epstopdf)                    size: 22417 bytes
(epstopdf)             Command: <repstopdf --outfile=fig/login-eps-converted-to
.pdf fig/login.eps>
(epstopdf)             \includegraphics on input line 75.
Package epstopdf Info: Output file is already uptodate.
 <fig/login-eps-converted-to.pdf, id=42, 433.62pt x 257.96375pt>
File: fig/login-eps-converted-to.pdf Graphic file (type pdf)

<use fig/login-eps-converted-to.pdf>
Package pdftex.def Info: fig/login-eps-converted-to.pdf used on input line 75.
(pdftex.def)             Requested size: 207.0021pt x 123.14809pt.
Missing character: There is no â in font cmr10!
Missing character: There is no € in font cmr10!
Missing character: There is no ¢ in font cmr10!


LaTeX Warning: Characters dropped after `\end{verbatim}' on input line 86.

Package epstopdf Info: Source file: <fig/fork.eps>
(epstopdf)                    date: 2018-02-07 19:52:16
(epstopdf)                    size: 22301 bytes
(epstopdf)             Output file: <fig/fork-eps-converted-to.pdf>
(epstopdf)                    date: 2018-02-07 19:56:44
(epstopdf)                    size: 22484 bytes
(epstopdf)             Command: <repstopdf --outfile=fig/fork-eps-converted-to.
pdf fig/fork.eps>
(epstopdf)             \includegraphics on input line 90.
Package epstopdf Info: Output file is already uptodate.
<fig/fork-eps-converted-to.pdf, id=43, 435.6275pt x 112.42pt>
File: fig/fork-eps-converted-to.pdf Graphic file (type pdf)

<use fig/fork-eps-converted-to.pdf>
Package pdftex.def Info: fig/fork-eps-converted-to.pdf used on input line 90.
(pdftex.def)             Requested size: 241.49895pt x 62.32178pt.
Missing character: There is no â in font cmr10!
Missing character: There is no € in font cmr10!
Missing character: There is no ¢ in font cmr10!
Package epstopdf Info: Source file: <fig/hwmain.eps>
(epstopdf)                    date: 2018-02-08 14:16:36
(epstopdf)                    size: 31389 bytes
(epstopdf)             Output file: <fig/hwmain-eps-converted-to.pdf>
(epstopdf)                    date: 2018-02-08 14:17:52
(epstopdf)                    size: 31173 bytes
(epstopdf)             Command: <repstopdf --outfile=fig/hwmain-eps-converted-t
o.pdf fig/hwmain.eps>
(epstopdf)             \includegraphics on input line 96.
Package epstopdf Info: Output file is already uptodate.

<fig/hwmain-eps-converted-to.pdf, id=44, 537.00626pt x 111.41624pt>
File: fig/hwmain-eps-converted-to.pdf Graphic file (type pdf)

<use fig/hwmain-eps-converted-to.pdf>
Package pdftex.def Info: fig/hwmain-eps-converted-to.pdf used on input line 96.

(pdftex.def)             Requested size: 241.49895pt x 50.10454pt.
Missing character: There is no â in font cmr10!
Missing character: There is no € in font cmr10!
Missing character: There is no ¢ in font cmr10!


LaTeX Warning: `h' float specifier changed to `ht'.

Package epstopdf Info: Source file: <fig/addhwtask.eps>
(epstopdf)                    date: 2018-02-08 16:03:24
(epstopdf)                    size: 70281 bytes
(epstopdf)             Output file: <fig/addhwtask-eps-converted-to.pdf>
(epstopdf)                    date: 2018-02-08 16:06:24
(epstopdf)                    size: 142784 bytes
(epstopdf)             Command: <repstopdf --outfile=fig/addhwtask-eps-converte
d-to.pdf fig/addhwtask.eps>
(epstopdf)             \includegraphics on input line 102.
Package epstopdf Info: Output file is already uptodate.
<fig/addhwtask-eps-converted-to.pdf, id=45, 375.4025pt x 321.2pt>
File: fig/addhwtask-eps-converted-to.pdf Graphic file (type pdf)

<use fig/addhwtask-eps-converted-to.pdf>
Package pdftex.def Info: fig/addhwtask-eps-converted-to.pdf used on input line 
102.
(pdftex.def)             Requested size: 241.49895pt x 206.63574pt.
Missing character: There is no â in font cmr10!
Missing character: There is no € in font cmr10!
Missing character: There is no ¢ in font cmr10!
Package epstopdf Info: Source file: <fig/addhwconfig.eps>
(epstopdf)                    date: 2018-02-08 16:32:23
(epstopdf)                    size: 29607 bytes
(epstopdf)             Output file: <fig/addhwconfig-eps-converted-to.pdf>
(epstopdf)                    date: 2018-02-08 16:33:37
(epstopdf)                    size: 29978 bytes
(epstopdf)             Command: <repstopdf --outfile=fig/addhwconfig-eps-conver
ted-to.pdf fig/addhwconfig.eps>
(epstopdf)             \includegraphics on input line 107.
Package epstopdf Info: Output file is already uptodate.

<fig/addhwconfig-eps-converted-to.pdf, id=46, 450.68375pt x 288.07625pt>
File: fig/addhwconfig-eps-converted-to.pdf Graphic file (type pdf)

<use fig/addhwconfig-eps-converted-to.pdf>
Package pdftex.def Info: fig/addhwconfig-eps-converted-to.pdf used on input lin
e 107.
(pdftex.def)             Requested size: 241.49895pt x 154.36761pt.
Missing character: There is no â in font cmr10!
Missing character: There is no € in font cmr10!
Missing character: There is no ¢ in font cmr10!


LaTeX Warning: `h' float specifier changed to `ht'.


LaTeX Warning: `h' float specifier changed to `ht'.

[5 <./fig/login-eps-converted-to.pdf> <./fig/fork-eps-converted-to.pdf>]
Missing character: There is no â in font cmr10!
Missing character: There is no € in font cmr10!
Missing character: There is no ¢ in font cmr10!

[6 <./fig/hwmain-eps-converted-to.pdf> <./fig/addhwtask-eps-converted-to.pdf>]
Package epstopdf Info: Source file: <fig/addswtask.eps>
(epstopdf)                    date: 2018-02-08 18:46:08
(epstopdf)                    size: 22811 bytes
(epstopdf)             Output file: <fig/addswtask-eps-converted-to.pdf>
(epstopdf)                    date: 2018-02-08 18:48:17
(epstopdf)                    size: 23752 bytes
(epstopdf)             Command: <repstopdf --outfile=fig/addswtask-eps-converte
d-to.pdf fig/addswtask.eps>
(epstopdf)             \includegraphics on input line 123.
Package epstopdf Info: Output file is already uptodate.

<fig/addswtask-eps-converted-to.pdf, id=66, 400.49625pt x 407.5225pt>
File: fig/addswtask-eps-converted-to.pdf Graphic file (type pdf)

<use fig/addswtask-eps-converted-to.pdf>
Package pdftex.def Info: fig/addswtask-eps-converted-to.pdf used on input line 
123.
(pdftex.def)             Requested size: 241.49895pt x 245.74039pt.
Missing character: There is no â in font cmr10!
Missing character: There is no € in font cmr10!
Missing character: There is no ¢ in font cmr10!


LaTeX Warning: `h' float specifier changed to `ht'.


LaTeX Warning: Characters dropped after `\end{verbatim}' on input line 140.

[7 <./fig/addhwconfig-eps-converted-to.pdf>]
Missing character: There is no â in font cmr10!
Missing character: There is no € in font cmr10!
Missing character: There is no ¢ in font cmr10!
 [8 <./fig/addswtask-eps-converted-to.pdf>]

LaTeX Warning: Characters dropped after `\end{verbatim}' on input line 157.


LaTeX Warning: Characters dropped after `\end{verbatim}' on input line 161.


Overfull \hbox (0.36069pt too wide) in paragraph at lines 162--163
\OT1/cmr/m/n/10 ``vhdl'', in ``hdl'' and copy your source code of pro-ces-sor I
P into ``hdl/vhdl''. 
 []


LaTeX Warning: Characters dropped after `\end{verbatim}' on input line 167.


Overfull \hbox (24.92102pt too wide) in paragraph at lines 185--185
 []\OT1/cmtt/m/n/9 PARAMETER C_D_AXI_PROTOCOL = AXI4, TYPE = NON_HDL, ASSIGNMEN
T = CONSTANT,[] 
 []


Overfull \hbox (57.99564pt too wide) in paragraph at lines 187--187
 []\OT1/cmtt/m/n/9 PARAMETER C_D_AXI_ID_WIDTH = 1, ASSIGNMENT = CONSTANT, DT = 
INTEGER, BUS = D_AXI[] 
 []


Overfull \hbox (67.44553pt too wide) in paragraph at lines 188--188
 []\OT1/cmtt/m/n/9 PARAMETER C_D_AXI_USER_WIDTH = 1, ASSIGNMENT = CONSTANT, DT 
= INTEGER, BUS = D_AXI[] 
 []


Overfull \hbox (72.17047pt too wide) in paragraph at lines 189--189
 []\OT1/cmtt/m/n/9 PARAMETER C_D_AXI_ADDR_WIDTH = 32, ASSIGNMENT = CONSTANT, DT
 = INTEGER, BUS = D_AXI[] 
 []


Overfull \hbox (72.17047pt too wide) in paragraph at lines 190--190
 []\OT1/cmtt/m/n/9 PARAMETER C_D_AXI_DATA_WIDTH = 32, ASSIGNMENT = CONSTANT, DT
 = INTEGER, BUS = D_AXI[] 
 []

[9]
Overfull \hbox (43.8208pt too wide) in paragraph at lines 197--197
 []\OT1/cmtt/m/n/9 PORT D_AXI_ACLK = "", DIR = I, BUS = D_AXI, SIGIS = CLK, ASS
IGNMENT = REQUIRE[] 
 []


Overfull \hbox (39.09586pt too wide) in paragraph at lines 200--200
 []\OT1/cmtt/m/n/9 PORT D_AXI_ARID = ARID, DIR = O, VEC = [(C_D_AXI_ID_WIDTH-1)
:0], BUS = D_AXI[] 
 []


Overfull \hbox (67.44553pt too wide) in paragraph at lines 201--201
 []\OT1/cmtt/m/n/9 PORT D_AXI_ARADDR = ARADDR, DIR = O, VEC = [(C_D_AXI_ADDR_WI
DTH-1):0], BUS = D_AXI[] 
 []


Overfull \hbox (67.44553pt too wide) in paragraph at lines 210--210
 []\OT1/cmtt/m/n/9 PORT D_AXI_ARUSER = ARUSER, DIR = O, VEC = [(C_D_AXI_USER_WI
DTH-1):0], BUS = D_AXI[] 
 []


Overfull \hbox (29.64597pt too wide) in paragraph at lines 214--214
 []\OT1/cmtt/m/n/9 PORT D_AXI_RID = RID, DIR = I, VEC = [(C_D_AXI_ID_WIDTH-1):0
], BUS = D_AXI[] 
 []


Overfull \hbox (57.99564pt too wide) in paragraph at lines 215--215
 []\OT1/cmtt/m/n/9 PORT D_AXI_RDATA = RDATA, DIR = I, VEC = [(C_D_AXI_DATA_WIDT
H-1):0], BUS = D_AXI[] 
 []


Overfull \hbox (57.99564pt too wide) in paragraph at lines 218--218
 []\OT1/cmtt/m/n/9 PORT D_AXI_RUSER = RUSER, DIR = I, VEC = [(C_D_AXI_USER_WIDT
H-1):0], BUS = D_AXI[] 
 []


Overfull \hbox (39.09586pt too wide) in paragraph at lines 222--222
 []\OT1/cmtt/m/n/9 PORT D_AXI_AWID = AWID, DIR = O, VEC = [(C_D_AXI_ID_WIDTH-1)
:0], BUS = D_AXI[] 
 []


Overfull \hbox (67.44553pt too wide) in paragraph at lines 223--223
 []\OT1/cmtt/m/n/9 PORT D_AXI_AWADDR = AWADDR, DIR = O, VEC = [(C_D_AXI_ADDR_WI
DTH-1):0], BUS = D_AXI[] 
 []


Overfull \hbox (67.44553pt too wide) in paragraph at lines 232--232
 []\OT1/cmtt/m/n/9 PORT D_AXI_AWUSER = AWUSER, DIR = O, VEC = [(C_D_AXI_USER_WI
DTH-1):0], BUS = D_AXI[] 
 []


Overfull \hbox (29.64597pt too wide) in paragraph at lines 236--236
 []\OT1/cmtt/m/n/9 PORT D_AXI_WID = WID, DIR = O, VEC = [(C_D_AXI_ID_WIDTH-1):0
], BUS = D_AXI[] 
 []


Overfull \hbox (57.99564pt too wide) in paragraph at lines 237--237
 []\OT1/cmtt/m/n/9 PORT D_AXI_WDATA = WDATA, DIR = O, VEC = [(C_D_AXI_DATA_WIDT
H-1):0], BUS = D_AXI[] 
 []


Overfull \hbox (67.44553pt too wide) in paragraph at lines 238--238
 []\OT1/cmtt/m/n/9 PORT D_AXI_WSTRB = WSTRB, DIR = O, VEC = [(C_D_AXI_DATA_WIDT
H/8)-1:0], BUS = D_AXI[] 
 []


Overfull \hbox (57.99564pt too wide) in paragraph at lines 240--240
 []\OT1/cmtt/m/n/9 PORT D_AXI_WUSER = WUSER, DIR = O, VEC = [(C_D_AXI_USER_WIDT
H-1):0], BUS = D_AXI[] 
 []

[10]
Overfull \hbox (29.64597pt too wide) in paragraph at lines 244--244
 []\OT1/cmtt/m/n/9 PORT D_AXI_BID = BID, DIR = I, VEC = [(C_D_AXI_ID_WIDTH-1):0
], BUS = D_AXI[] 
 []


Overfull \hbox (57.99564pt too wide) in paragraph at lines 246--246
 []\OT1/cmtt/m/n/9 PORT D_AXI_BUSER = BUSER, DIR = I, VEC = [(C_D_AXI_USER_WIDT
H-1):0], BUS = D_AXI[] 
 []


LaTeX Warning: Characters dropped after `\end{verbatim}' on input line 251.

[11]

LaTeX Warning: Characters dropped after `\end{verbatim}' on input line 309.

[12] (./argus_howto.aux) ) 
Here is how much of TeX's memory you used:
 1658 strings out of 494953
 24198 string characters out of 6180977
 83848 words of memory out of 5000000
 4934 multiletter control sequences out of 15000+600000
 8221 words of font info for 30 fonts, out of 8000000 for 9000
 14 hyphenation exceptions out of 8191
 37i,6n,23p,790b,362s stack positions out of 5000i,500n,10000p,200000b,80000s
</usr/share/texlive/texmf-dist/fonts/type1/public/ams
fonts/cm/cmbx12.pfb></usr/share/texlive/texmf-dist/fonts/type1/public/amsfonts/
cm/cmr10.pfb></usr/share/texlive/texmf-dist/fonts/type1/public/amsfonts/cm/cmr1
2.pfb></usr/share/texlive/texmf-dist/fonts/type1/public/amsfonts/cm/cmr17.pfb><
/usr/share/texlive/texmf-dist/fonts/type1/public/amsfonts/cm/cmtt10.pfb></usr/s
hare/texlive/texmf-dist/fonts/type1/public/amsfonts/cm/cmtt9.pfb>
Output written on argus_howto.pdf (12 pages, 481557 bytes).
PDF statistics:
 114 PDF objects out of 1000 (max. 8388607)
 74 compressed objects within 1 object stream
 0 named destinations out of 1000 (max. 500000)
 36 words of extra memory for PDF output out of 10000 (max. 10000000)

